TN:test
SF:/Library/Developer/CommandLineTools/SDKs/MacOSX.sdk/usr/include/math.h
FN:199,200,__inline_isinff
FN:202,203,__inline_isinfd
FN:205,206,__inline_isinfl
FN:208,209,__inline_isnanf
FN:211,212,__inline_isnand
FN:214,215,__inline_isnanl
FNDA:0,__inline_isinff
FNDA:1,__inline_isinfd
FNDA:0,__inline_isinfl
FNDA:0,__inline_isnanf
FNDA:54,__inline_isnand
FNDA:0,__inline_isnanl
FNF:6
FNH:2
DA:199,0
DA:200,0
DA:202,1
DA:203,1
DA:205,0
DA:206,0
DA:208,0
DA:209,0
DA:211,54
DA:212,54
DA:214,0
DA:215,0
LF:12
LH:4
end_of_record
TN:test
SF:/Users/denisavilov/school21/math_final/C4_s21_math-1/src/functions/s21_abs.c
FN:3,3,s21_abs
FNDA:808,s21_abs
FNF:1
FNH:1
DA:3,808
LF:1
LH:1
end_of_record
TN:test
SF:/Users/denisavilov/school21/math_final/C4_s21_math-1/src/functions/s21_acos.c
FN:3,15,s21_acos
FNDA:9,s21_acos
FNF:1
FNH:1
DA:3,9
DA:4,9
DA:6,9
DA:7,4
DA:8,9
DA:9,1
DA:10,5
DA:11,2
DA:12,2
DA:13,2
DA:15,9
LF:11
LH:11
end_of_record
TN:test
SF:/Users/denisavilov/school21/math_final/C4_s21_math-1/src/functions/s21_asin.c
FN:3,22,s21_asin
FNDA:14,s21_asin
FNF:1
FNH:1
DA:3,14
DA:5,14
DA:6,14
DA:7,14
DA:9,14
DA:10,4
DA:11,14
DA:12,1
DA:13,10
DA:14,1
DA:15,1
DA:16,1600
DA:17,1592
DA:18,1592
DA:19,1592
DA:20,1592
DA:22,14
LF:17
LH:17
end_of_record
TN:test
SF:/Users/denisavilov/school21/math_final/C4_s21_math-1/src/functions/s21_atan.c
FN:3,27,s21_atan
FNDA:9,s21_atan
FNF:1
FNH:1
DA:3,9
DA:4,9
DA:5,9
DA:6,1
DA:7,9
DA:8,1
DA:9,9
DA:10,2
DA:11,400
DA:12,398
DA:13,398
DA:14,398
DA:15,9
DA:16,4
DA:17,4
DA:18,80000
DA:19,79996
DA:20,79996
DA:21,79996
DA:22,4
DA:23,2
DA:24,4
DA:25,2
DA:26,4
DA:27,9
LF:25
LH:25
end_of_record
TN:test
SF:/Users/denisavilov/school21/math_final/C4_s21_math-1/src/functions/s21_ceil.c
FN:3,8,s21_ceil
FNDA:16,s21_ceil
FNF:1
FNH:1
DA:3,16
DA:4,16
DA:5,16
DA:6,5
DA:7,5
DA:8,16
LF:6
LH:6
end_of_record
TN:test
SF:/Users/denisavilov/school21/math_final/C4_s21_math-1/src/functions/s21_cos.c
FN:3,16,s21_cos
FNDA:20,s21_cos
FNF:1
FNH:1
DA:3,20
DA:4,20
DA:6,20
DA:8,20
DA:10,20
DA:11,5
DA:12,5
DA:13,20
DA:14,4
DA:16,20
LF:10
LH:10
end_of_record
TN:test
SF:/Users/denisavilov/school21/math_final/C4_s21_math-1/src/functions/s21_exp.c
FN:3,31,s21_exp
FNDA:22,s21_exp
FNF:1
FNH:1
DA:3,22
DA:4,22
DA:5,22
DA:6,22
DA:8,4400000
DA:9,4399978
DA:10,4399978
DA:11,4399978
DA:12,4399978
DA:13,4399978
DA:15,22
DA:16,1
DA:17,21
DA:18,3
DA:19,18
DA:20,10
DA:21,10
DA:22,10
DA:23,2
DA:24,10
DA:25,192
DA:26,182
DA:27,182
DA:28,10
DA:29,2
DA:30,10
DA:31,22
LF:27
LH:27
end_of_record
TN:test
SF:/Users/denisavilov/school21/math_final/C4_s21_math-1/src/functions/s21_fabs.c
FN:2,2,s21_fabs
FNDA:1004,s21_fabs
FNF:1
FNH:1
DA:2,1004
LF:1
LH:1
end_of_record
TN:test
SF:/Users/denisavilov/school21/math_final/C4_s21_math-1/src/functions/s21_floor.c
FN:3,18,s21_floor
FNDA:33,s21_floor
FNF:1
FNH:1
DA:3,33
DA:5,33
DA:6,2
DA:7,2
DA:8,31
DA:9,31
DA:10,31
DA:11,11
DA:12,31
DA:13,20
DA:14,9
DA:15,9
DA:16,20
DA:18,33
LF:14
LH:14
end_of_record
TN:test
SF:/Users/denisavilov/school21/math_final/C4_s21_math-1/src/functions/s21_fmod.c
FN:3,21,s21_fmod
FNDA:806,s21_fmod
FNF:1
FNH:1
DA:3,806
DA:4,806
DA:5,806
DA:6,7
DA:7,806
DA:8,799
DA:9,1
DA:10,798
DA:11,374
DA:13,424
DA:14,799
DA:15,799
DA:16,4
DA:18,799
DA:19,0
DA:21,806
LF:16
LH:15
end_of_record
TN:test
SF:/Users/denisavilov/school21/math_final/C4_s21_math-1/src/functions/s21_log.c
FN:3,48,s21_log
FNDA:14,s21_log
FNF:1
FNH:1
DA:3,14
DA:5,14
DA:6,14
DA:7,14
DA:8,14
DA:9,14
DA:10,14
DA:12,14
DA:13,2
DA:14,12
DA:15,1
DA:16,11
DA:17,1
DA:19,10
DA:20,3
DA:21,3
DA:22,600003
DA:23,600000
DA:24,600000
DA:25,600000
DA:26,600000
DA:27,600000
DA:28,600000
DA:30,3
DA:31,1400007
DA:32,1400000
DA:33,1400000
DA:34,1400000
DA:35,1400000
DA:36,1400000
DA:37,1400000
DA:38,1400000
DA:48,14
LF:33
LH:33
end_of_record
TN:test
SF:/Users/denisavilov/school21/math_final/C4_s21_math-1/src/functions/s21_pow.c
FN:11,47,s21_pow
FN:3,8,s21_int_pow
FNDA:34,s21_pow
FNDA:4,s21_int_pow
FNF:2
FNH:2
DA:3,4
DA:4,4
DA:5,14
DA:6,10
DA:7,10
DA:8,4
DA:11,34
DA:13,34
DA:14,2
DA:15,32
DA:16,2
DA:17,30
DA:18,1
DA:19,29
DA:20,5
DA:21,24
DA:22,2
DA:23,22
DA:24,2
DA:25,20
DA:26,2
DA:27,18
DA:28,1
DA:29,17
DA:30,2
DA:31,15
DA:32,1
DA:33,14
DA:34,1
DA:35,13
DA:36,1
DA:37,12
DA:38,4
DA:39,4
DA:40,2
DA:41,12
DA:42,1
DA:44,7
DA:45,14
DA:46,7
DA:47,34
LF:41
LH:41
end_of_record
TN:test
SF:/Users/denisavilov/school21/math_final/C4_s21_math-1/src/functions/s21_sin.c
FN:3,12,s21_sin
FNDA:761,s21_sin
FNF:1
FNH:1
DA:3,761
DA:4,761
DA:5,761
DA:6,761
DA:8,152200
DA:9,151439
DA:10,151439
DA:11,151439
DA:12,761
LF:9
LH:9
end_of_record
TN:test
SF:/Users/denisavilov/school21/math_final/C4_s21_math-1/src/functions/s21_sqrt.c
FN:2,14,s21_sqrt
FNDA:37,s21_sqrt
FNF:1
FNH:1
DA:2,37
DA:3,37
DA:4,3
DA:5,34
DA:6,1
DA:7,33
DA:8,7
DA:9,26
DA:10,416
DA:11,390
DA:12,390
DA:13,26
DA:14,37
LF:13
LH:13
end_of_record
TN:test
SF:/Users/denisavilov/school21/math_final/C4_s21_math-1/src/functions/s21_tan.c
FN:2,2,s21_tan
FNDA:7,s21_tan
FNF:1
FNH:1
DA:2,7
LF:1
LH:1
end_of_record
TN:test
SF:/Users/denisavilov/school21/math_final/C4_s21_math-1/src/unit_tests/s21_math_test.c
FN:5,20,main
FNDA:1,main
FNF:1
FNH:1
DA:5,1
DA:6,1
DA:7,16
DA:8,4
DA:9,4
DA:10,4
DA:11,3
DA:12,16
DA:13,15
DA:14,15
DA:15,15
DA:16,15
DA:17,15
DA:18,15
DA:19,1
DA:20,1
LF:16
LH:16
end_of_record
TN:test
SF:/Users/denisavilov/school21/math_final/C4_s21_math-1/src/unit_tests/test_s21_abs.c
FN:12,12,abs_test_4_fn
FN:15,15,abs_test_5_fn
FN:18,20,abs_test_6_fn
FN:23,25,abs_test_7_fn
FN:28,30,abs_test_8_fn
FN:3,3,abs_test_1_fn
FN:33,35,abs_test_9_fn
FN:38,53,test_s21_abs
FN:6,6,abs_test_2_fn
FN:9,9,abs_test_3_fn
FNDA:1,abs_test_4_fn
FNDA:1,abs_test_5_fn
FNDA:1,abs_test_6_fn
FNDA:1,abs_test_7_fn
FNDA:1,abs_test_8_fn
FNDA:1,abs_test_1_fn
FNDA:1,abs_test_9_fn
FNDA:1,test_s21_abs
FNDA:1,abs_test_2_fn
FNDA:1,abs_test_3_fn
FNF:10
FNH:10
DA:3,1
DA:6,1
DA:9,1
DA:12,1
DA:15,1
DA:18,1
DA:19,1
DA:20,1
DA:23,1
DA:24,1
DA:25,1
DA:28,1
DA:29,1
DA:30,1
DA:33,1
DA:34,1
DA:35,1
DA:38,1
DA:39,1
DA:40,1
DA:42,1
DA:43,1
DA:44,1
DA:45,1
DA:46,1
DA:47,1
DA:48,1
DA:49,1
DA:50,1
DA:52,1
DA:53,1
LF:31
LH:31
end_of_record
TN:test
SF:/Users/denisavilov/school21/math_final/C4_s21_math-1/src/unit_tests/test_s21_acos.c
FN:13,15,acos_test_3_fn
FN:18,20,acos_test_4_fn
FN:23,23,acos_test_6_fn
FN:29,31,acos_test_8_fn
FN:3,5,acos_test_1_fn
FN:37,37,acos_test_10_fn
FN:40,40,acos_test_11_fn
FN:43,43,acos_test_12_fn
FN:46,46,acos_test_13_fn
FN:49,49,acos_test_14_fn
FN:52,52,acos_test_15_fn
FN:55,75,test_s21_acos
FN:8,10,acos_test_2_fn
FNDA:1,acos_test_3_fn
FNDA:1,acos_test_4_fn
FNDA:1,acos_test_6_fn
FNDA:1,acos_test_8_fn
FNDA:1,acos_test_1_fn
FNDA:1,acos_test_10_fn
FNDA:1,acos_test_11_fn
FNDA:1,acos_test_12_fn
FNDA:1,acos_test_13_fn
FNDA:1,acos_test_14_fn
FNDA:1,acos_test_15_fn
FNDA:1,test_s21_acos
FNDA:1,acos_test_2_fn
FNF:13
FNH:13
DA:3,1
DA:4,1
DA:5,1
DA:8,1
DA:9,1
DA:10,1
DA:13,1
DA:14,1
DA:15,1
DA:18,1
DA:19,1
DA:20,1
DA:23,1
DA:29,1
DA:30,1
DA:31,1
DA:37,1
DA:40,1
DA:43,1
DA:46,1
DA:49,1
DA:52,1
DA:55,1
DA:56,1
DA:57,1
DA:59,1
DA:60,1
DA:61,1
DA:62,1
DA:63,1
DA:65,1
DA:67,1
DA:68,1
DA:69,1
DA:70,1
DA:71,1
DA:72,1
DA:74,1
DA:75,1
LF:39
LH:39
end_of_record
TN:test
SF:/Users/denisavilov/school21/math_final/C4_s21_math-1/src/unit_tests/test_s21_asin.c
FN:13,15,asin_test_3_fn
FN:18,20,asin_test_4_fn
FN:23,25,asin_test_5_fn
FN:28,28,asin_test_6_fn
FN:3,5,asin_test_1_fn
FN:34,36,asin_test_8_fn
FN:42,42,asin_test_10_fn
FN:45,45,asin_test_11_fn
FN:48,48,asin_test_12_fn
FN:51,51,asin_test_13_fn
FN:54,54,asin_test_14_fn
FN:57,57,asin_test_15_fn
FN:60,81,test_s21_asin
FN:8,10,asin_test_2_fn
FNDA:1,asin_test_3_fn
FNDA:1,asin_test_4_fn
FNDA:1,asin_test_5_fn
FNDA:1,asin_test_6_fn
FNDA:1,asin_test_1_fn
FNDA:1,asin_test_8_fn
FNDA:1,asin_test_10_fn
FNDA:1,asin_test_11_fn
FNDA:1,asin_test_12_fn
FNDA:1,asin_test_13_fn
FNDA:1,asin_test_14_fn
FNDA:1,asin_test_15_fn
FNDA:1,test_s21_asin
FNDA:1,asin_test_2_fn
FNF:14
FNH:14
DA:3,1
DA:4,1
DA:5,1
DA:8,1
DA:9,1
DA:10,1
DA:13,1
DA:14,1
DA:15,1
DA:18,1
DA:19,1
DA:20,1
DA:23,1
DA:24,1
DA:25,1
DA:28,1
DA:34,1
DA:35,1
DA:36,1
DA:42,1
DA:45,1
DA:48,1
DA:51,1
DA:54,1
DA:57,1
DA:60,1
DA:61,1
DA:62,1
DA:64,1
DA:65,1
DA:66,1
DA:67,1
DA:68,1
DA:69,1
DA:71,1
DA:73,1
DA:74,1
DA:75,1
DA:76,1
DA:77,1
DA:78,1
DA:80,1
DA:81,1
LF:43
LH:43
end_of_record
TN:test
SF:/Users/denisavilov/school21/math_final/C4_s21_math-1/src/unit_tests/test_s21_atan.c
FN:13,15,atan_test_3_fn
FN:18,20,atan_test_4_fn
FN:23,25,atan_test_5_fn
FN:28,31,atan_test_6_fn
FN:3,5,atan_test_1_fn
FN:34,34,atan_test_7_fn
FN:37,37,atan_test_8_fn
FN:40,42,atan_test_9_fn
FN:45,47,atan_test_10_fn
FN:50,66,test_s21_atan
FN:8,10,atan_test_2_fn
FNDA:1,atan_test_3_fn
FNDA:1,atan_test_4_fn
FNDA:1,atan_test_5_fn
FNDA:1,atan_test_6_fn
FNDA:1,atan_test_1_fn
FNDA:1,atan_test_7_fn
FNDA:1,atan_test_8_fn
FNDA:1,atan_test_9_fn
FNDA:1,atan_test_10_fn
FNDA:1,test_s21_atan
FNDA:1,atan_test_2_fn
FNF:11
FNH:11
DA:3,1
DA:4,1
DA:5,1
DA:8,1
DA:9,1
DA:10,1
DA:13,1
DA:14,1
DA:15,1
DA:18,1
DA:19,1
DA:20,1
DA:23,1
DA:24,1
DA:25,1
DA:28,1
DA:29,1
DA:31,1
DA:34,1
DA:37,1
DA:40,1
DA:41,1
DA:42,1
DA:45,1
DA:46,1
DA:47,1
DA:50,1
DA:51,1
DA:52,1
DA:54,1
DA:55,1
DA:56,1
DA:57,1
DA:58,1
DA:59,1
DA:60,1
DA:61,1
DA:62,1
DA:63,1
DA:65,1
DA:66,1
LF:41
LH:41
end_of_record
TN:test
SF:/Users/denisavilov/school21/math_final/C4_s21_math-1/src/unit_tests/test_s21_ceil.c
FN:13,15,ceil_test_3_fn
FN:18,20,ceil_test_4_fn
FN:23,25,ceil_test_5_fn
FN:28,30,ceil_test_6_fn
FN:3,5,ceil_test_1_fn
FN:33,35,ceil_test_7_fn
FN:38,40,ceil_test_8_fn
FN:43,46,ceil_test_9_fn
FN:49,52,ceil_test_10_fn
FN:55,58,ceil_test_11_fn
FN:61,64,ceil_test_12_fn
FN:67,70,ceil_test_13_fn
FN:73,76,ceil_test_14_fn
FN:79,82,ceil_test_15_fn
FN:8,10,ceil_test_2_fn
FN:85,88,ceil_test_16_fn
FN:91,91,ceil_test_17_fn
FN:94,94,ceil_test_18_fn
FN:97,121,test_s21_ceil
FNDA:1,ceil_test_3_fn
FNDA:1,ceil_test_4_fn
FNDA:1,ceil_test_5_fn
FNDA:1,ceil_test_6_fn
FNDA:1,ceil_test_1_fn
FNDA:1,ceil_test_7_fn
FNDA:1,ceil_test_8_fn
FNDA:1,ceil_test_9_fn
FNDA:1,ceil_test_10_fn
FNDA:1,ceil_test_11_fn
FNDA:1,ceil_test_12_fn
FNDA:1,ceil_test_13_fn
FNDA:1,ceil_test_14_fn
FNDA:1,ceil_test_15_fn
FNDA:1,ceil_test_2_fn
FNDA:1,ceil_test_16_fn
FNDA:1,ceil_test_17_fn
FNDA:1,ceil_test_18_fn
FNDA:1,test_s21_ceil
FNF:19
FNH:19
DA:3,1
DA:4,1
DA:5,1
DA:8,1
DA:9,1
DA:10,1
DA:13,1
DA:14,1
DA:15,1
DA:18,1
DA:19,1
DA:20,1
DA:23,1
DA:24,1
DA:25,1
DA:28,1
DA:29,1
DA:30,1
DA:33,1
DA:34,1
DA:35,1
DA:38,1
DA:39,1
DA:40,1
DA:43,1
DA:44,1
DA:46,1
DA:49,1
DA:50,1
DA:52,1
DA:55,1
DA:56,1
DA:58,1
DA:61,1
DA:62,1
DA:64,1
DA:67,1
DA:68,1
DA:70,1
DA:73,1
DA:74,1
DA:76,1
DA:79,1
DA:80,1
DA:82,1
DA:85,1
DA:86,1
DA:88,1
DA:91,1
DA:94,1
DA:97,1
DA:98,1
DA:99,1
DA:101,1
DA:102,1
DA:103,1
DA:104,1
DA:105,1
DA:106,1
DA:107,1
DA:108,1
DA:109,1
DA:110,1
DA:111,1
DA:112,1
DA:113,1
DA:114,1
DA:115,1
DA:116,1
DA:117,1
DA:118,1
DA:120,1
DA:121,1
LF:73
LH:73
end_of_record
TN:test
SF:/Users/denisavilov/school21/math_final/C4_s21_math-1/src/unit_tests/test_s21_cos.c
FN:13,16,cos_test_3_fn
FN:19,21,cos_test_4_fn
FN:24,26,cos_test_5_fn
FN:29,31,cos_test_6_fn
FN:3,5,cos_test_1_fn
FN:34,36,cos_test_7_fn
FN:39,42,cos_test_8_fn
FN:45,48,cos_test_9_fn
FN:51,54,cos_test_10_fn
FN:57,60,cos_test_11_fn
FN:63,63,cos_test_12_fn
FN:66,66,cos_test_13_fn
FN:69,69,cos_test_14_fn
FN:72,72,cos_test_15_fn
FN:77,98,test_s21_cos
FN:8,10,cos_test_2_fn
FNDA:1,cos_test_3_fn
FNDA:1,cos_test_4_fn
FNDA:1,cos_test_5_fn
FNDA:1,cos_test_6_fn
FNDA:1,cos_test_1_fn
FNDA:1,cos_test_7_fn
FNDA:1,cos_test_8_fn
FNDA:1,cos_test_9_fn
FNDA:1,cos_test_10_fn
FNDA:1,cos_test_11_fn
FNDA:1,cos_test_12_fn
FNDA:1,cos_test_13_fn
FNDA:1,cos_test_14_fn
FNDA:1,cos_test_15_fn
FNDA:1,test_s21_cos
FNDA:1,cos_test_2_fn
FNF:16
FNH:16
DA:3,1
DA:4,1
DA:5,1
DA:8,1
DA:9,1
DA:10,1
DA:13,1
DA:14,1
DA:16,1
DA:19,1
DA:20,1
DA:21,1
DA:24,1
DA:25,1
DA:26,1
DA:29,1
DA:30,1
DA:31,1
DA:34,1
DA:35,1
DA:36,1
DA:39,1
DA:40,1
DA:42,1
DA:45,1
DA:46,1
DA:48,1
DA:51,1
DA:52,1
DA:54,1
DA:57,1
DA:58,1
DA:60,1
DA:63,1
DA:66,1
DA:69,1
DA:72,1
DA:77,1
DA:78,1
DA:79,1
DA:81,1
DA:82,1
DA:83,1
DA:84,1
DA:85,1
DA:86,1
DA:87,1
DA:88,1
DA:89,1
DA:90,1
DA:91,1
DA:92,1
DA:93,1
DA:94,1
DA:95,1
DA:97,1
DA:98,1
LF:57
LH:57
end_of_record
TN:test
SF:/Users/denisavilov/school21/math_final/C4_s21_math-1/src/unit_tests/test_s21_exp.c
FN:13,15,exp_test_3_fn
FN:18,20,exp_test_4_fn
FN:23,25,exp_test_5_fn
FN:28,30,exp_test_6_fn
FN:3,5,exp_test_1_fn
FN:33,35,exp_test_7_fn
FN:38,40,exp_test_8_fn
FN:43,45,exp_test_9_fn
FN:48,50,exp_test_10_fn
FN:53,55,exp_test_11_fn
FN:58,58,exp_test_12_fn
FN:61,61,exp_test_13_fn
FN:64,66,exp_test_14_fn
FN:69,71,exp_test_15_fn
FN:73,94,test_s21_exp
FN:8,10,exp_test_2_fn
FNDA:1,exp_test_3_fn
FNDA:1,exp_test_4_fn
FNDA:1,exp_test_5_fn
FNDA:1,exp_test_6_fn
FNDA:1,exp_test_1_fn
FNDA:1,exp_test_7_fn
FNDA:1,exp_test_8_fn
FNDA:1,exp_test_9_fn
FNDA:1,exp_test_10_fn
FNDA:1,exp_test_11_fn
FNDA:1,exp_test_12_fn
FNDA:1,exp_test_13_fn
FNDA:1,exp_test_14_fn
FNDA:1,exp_test_15_fn
FNDA:1,test_s21_exp
FNDA:1,exp_test_2_fn
FNF:16
FNH:16
DA:3,1
DA:4,1
DA:5,1
DA:8,1
DA:9,1
DA:10,1
DA:13,1
DA:14,1
DA:15,1
DA:18,1
DA:19,1
DA:20,1
DA:23,1
DA:24,1
DA:25,1
DA:28,1
DA:29,1
DA:30,1
DA:33,1
DA:34,1
DA:35,1
DA:38,1
DA:39,1
DA:40,1
DA:43,1
DA:44,1
DA:45,1
DA:48,1
DA:49,1
DA:50,1
DA:53,1
DA:54,1
DA:55,1
DA:58,1
DA:61,1
DA:64,1
DA:65,1
DA:66,1
DA:69,1
DA:70,1
DA:71,1
DA:73,1
DA:74,1
DA:75,1
DA:77,1
DA:78,1
DA:79,1
DA:80,1
DA:81,1
DA:82,1
DA:83,1
DA:84,1
DA:85,1
DA:86,1
DA:87,1
DA:88,1
DA:89,1
DA:90,1
DA:91,1
DA:93,1
DA:94,1
LF:61
LH:61
end_of_record
TN:test
SF:/Users/denisavilov/school21/math_final/C4_s21_math-1/src/unit_tests/test_s21_fabs.c
FN:101,104,fabs_test_21_fn
FN:107,110,fabs_test_22_fn
FN:113,141,test_s21_fabs
FN:13,15,fabs_test_3_fn
FN:18,20,fabs_test_4_fn
FN:23,25,fabs_test_5_fn
FN:28,30,fabs_test_6_fn
FN:3,5,fabs_test_1_fn
FN:33,35,fabs_test_7_fn
FN:38,40,fabs_test_8_fn
FN:43,46,fabs_test_9_fn
FN:49,52,fabs_test_10_fn
FN:55,58,fabs_test_11_fn
FN:61,64,fabs_test_12_fn
FN:67,70,fabs_test_13_fn
FN:73,76,fabs_test_14_fn
FN:79,79,fabs_test_15_fn
FN:8,10,fabs_test_2_fn
FN:82,82,fabs_test_16_fn
FN:85,85,fabs_test_17_fn
FN:88,88,fabs_test_18_fn
FN:91,93,fabs_test_19_fn
FN:96,98,fabs_test_20_fn
FNDA:1,fabs_test_21_fn
FNDA:1,fabs_test_22_fn
FNDA:1,test_s21_fabs
FNDA:1,fabs_test_3_fn
FNDA:1,fabs_test_4_fn
FNDA:1,fabs_test_5_fn
FNDA:1,fabs_test_6_fn
FNDA:1,fabs_test_1_fn
FNDA:1,fabs_test_7_fn
FNDA:1,fabs_test_8_fn
FNDA:1,fabs_test_9_fn
FNDA:1,fabs_test_10_fn
FNDA:1,fabs_test_11_fn
FNDA:1,fabs_test_12_fn
FNDA:1,fabs_test_13_fn
FNDA:1,fabs_test_14_fn
FNDA:1,fabs_test_15_fn
FNDA:1,fabs_test_2_fn
FNDA:1,fabs_test_16_fn
FNDA:1,fabs_test_17_fn
FNDA:1,fabs_test_18_fn
FNDA:1,fabs_test_19_fn
FNDA:1,fabs_test_20_fn
FNF:23
FNH:23
DA:3,1
DA:4,1
DA:5,1
DA:8,1
DA:9,1
DA:10,1
DA:13,1
DA:14,1
DA:15,1
DA:18,1
DA:19,1
DA:20,1
DA:23,1
DA:24,1
DA:25,1
DA:28,1
DA:29,1
DA:30,1
DA:33,1
DA:34,1
DA:35,1
DA:38,1
DA:39,1
DA:40,1
DA:43,1
DA:44,1
DA:46,1
DA:49,1
DA:50,1
DA:52,1
DA:55,1
DA:56,1
DA:58,1
DA:61,1
DA:62,1
DA:64,1
DA:67,1
DA:68,1
DA:70,1
DA:73,1
DA:74,1
DA:76,1
DA:79,1
DA:82,1
DA:85,1
DA:88,1
DA:91,1
DA:92,1
DA:93,1
DA:96,1
DA:97,1
DA:98,1
DA:101,1
DA:102,1
DA:104,1
DA:107,1
DA:108,1
DA:110,1
DA:113,1
DA:114,1
DA:115,1
DA:117,1
DA:118,1
DA:119,1
DA:120,1
DA:121,1
DA:122,1
DA:123,1
DA:124,1
DA:125,1
DA:126,1
DA:127,1
DA:128,1
DA:129,1
DA:130,1
DA:131,1
DA:132,1
DA:133,1
DA:134,1
DA:135,1
DA:136,1
DA:137,1
DA:138,1
DA:140,1
DA:141,1
LF:85
LH:85
end_of_record
TN:test
SF:/Users/denisavilov/school21/math_final/C4_s21_math-1/src/unit_tests/test_s21_floor.c
FN:13,15,floor_test_3_fn
FN:18,20,floor_test_4_fn
FN:23,25,floor_test_5_fn
FN:28,30,floor_test_6_fn
FN:3,5,floor_test_1_fn
FN:33,35,floor_test_7_fn
FN:38,40,floor_test_8_fn
FN:43,46,floor_test_9_fn
FN:49,52,floor_test_10_fn
FN:55,58,floor_test_11_fn
FN:61,64,floor_test_12_fn
FN:67,70,floor_test_13_fn
FN:73,76,floor_test_14_fn
FN:79,81,floor_test_19_fn
FN:8,10,floor_test_2_fn
FN:84,86,floor_test_20_fn
FN:89,92,floor_test_21_fn
FN:95,118,test_s21_floor
FNDA:1,floor_test_3_fn
FNDA:1,floor_test_4_fn
FNDA:1,floor_test_5_fn
FNDA:1,floor_test_6_fn
FNDA:1,floor_test_1_fn
FNDA:1,floor_test_7_fn
FNDA:1,floor_test_8_fn
FNDA:1,floor_test_9_fn
FNDA:1,floor_test_10_fn
FNDA:1,floor_test_11_fn
FNDA:1,floor_test_12_fn
FNDA:1,floor_test_13_fn
FNDA:1,floor_test_14_fn
FNDA:1,floor_test_19_fn
FNDA:1,floor_test_2_fn
FNDA:1,floor_test_20_fn
FNDA:1,floor_test_21_fn
FNDA:1,test_s21_floor
FNF:18
FNH:18
DA:3,1
DA:4,1
DA:5,1
DA:8,1
DA:9,1
DA:10,1
DA:13,1
DA:14,1
DA:15,1
DA:18,1
DA:19,1
DA:20,1
DA:23,1
DA:24,1
DA:25,1
DA:28,1
DA:29,1
DA:30,1
DA:33,1
DA:34,1
DA:35,1
DA:38,1
DA:39,1
DA:40,1
DA:43,1
DA:44,1
DA:46,1
DA:49,1
DA:50,1
DA:52,1
DA:55,1
DA:56,1
DA:58,1
DA:61,1
DA:62,1
DA:64,1
DA:67,1
DA:68,1
DA:70,1
DA:73,1
DA:74,1
DA:76,1
DA:79,1
DA:80,1
DA:81,1
DA:84,1
DA:85,1
DA:86,1
DA:89,1
DA:90,1
DA:92,1
DA:95,1
DA:96,1
DA:97,1
DA:99,1
DA:100,1
DA:101,1
DA:102,1
DA:103,1
DA:104,1
DA:105,1
DA:106,1
DA:107,1
DA:108,1
DA:109,1
DA:110,1
DA:111,1
DA:112,1
DA:113,1
DA:114,1
DA:115,1
DA:117,1
DA:118,1
LF:73
LH:73
end_of_record
TN:test
SF:/Users/denisavilov/school21/math_final/C4_s21_math-1/src/unit_tests/test_s21_fmod.c
FN:15,18,fmod_test_4_fn
FN:21,24,fmod_test_5_fn
FN:27,30,fmod_test_6_fn
FN:3,3,fmod_test_1_fn
FN:38,51,test_s21_fmod
FN:6,6,fmod_test_2_fn
FN:9,12,fmod_test_3_fn
FNDA:1,fmod_test_4_fn
FNDA:1,fmod_test_5_fn
FNDA:1,fmod_test_6_fn
FNDA:1,fmod_test_1_fn
FNDA:1,test_s21_fmod
FNDA:1,fmod_test_2_fn
FNDA:1,fmod_test_3_fn
FNF:7
FNH:7
DA:3,1
DA:6,1
DA:9,1
DA:10,1
DA:12,1
DA:15,1
DA:16,1
DA:18,1
DA:21,1
DA:22,1
DA:24,1
DA:27,1
DA:28,1
DA:30,1
DA:38,1
DA:39,1
DA:40,1
DA:42,1
DA:43,1
DA:44,1
DA:45,1
DA:46,1
DA:47,1
DA:50,1
DA:51,1
LF:25
LH:25
end_of_record
TN:test
SF:/Users/denisavilov/school21/math_final/C4_s21_math-1/src/unit_tests/test_s21_log.c
FN:12,14,log_test_3_fn
FN:17,20,log_test_4_fn
FN:23,26,log_test_5_fn
FN:29,29,log_test_6_fn
FN:32,32,log_test_7_fn
FN:35,35,log_test_8_fn
FN:38,38,log_test_9_fn
FN:41,41,log_test_10_fn
FN:44,60,test_s21_log
FN:7,9,log_test_2_fn
FNDA:1,log_test_3_fn
FNDA:1,log_test_4_fn
FNDA:1,log_test_5_fn
FNDA:1,log_test_6_fn
FNDA:1,log_test_7_fn
FNDA:1,log_test_8_fn
FNDA:1,log_test_9_fn
FNDA:1,log_test_10_fn
FNDA:1,test_s21_log
FNDA:1,log_test_2_fn
FNF:10
FNH:10
DA:7,1
DA:8,1
DA:9,1
DA:12,1
DA:13,1
DA:14,1
DA:17,1
DA:18,1
DA:20,1
DA:23,1
DA:24,1
DA:26,1
DA:29,1
DA:32,1
DA:35,1
DA:38,1
DA:41,1
DA:44,1
DA:45,1
DA:46,1
DA:49,1
DA:50,1
DA:51,1
DA:52,1
DA:53,1
DA:54,1
DA:55,1
DA:56,1
DA:57,1
DA:59,1
DA:60,1
LF:31
LH:31
end_of_record
TN:test
SF:/Users/denisavilov/school21/math_final/C4_s21_math-1/src/unit_tests/test_s21_pow.c
FN:106,106,pow_test_22_fn
FN:109,109,pow_test_23_fn
FN:112,112,pow_test_24_fn
FN:115,115,pow_test_25_fn
FN:118,120,pow_test_26_fn
FN:123,125,pow_test_27_fn
FN:128,130,pow_test_28_fn
FN:133,135,pow_test_29_fn
FN:138,138,pow_test_30_fn
FN:141,141,pow_test_31_fn
FN:144,146,pow_test_32_fn
FN:148,150,pow_test_33_fn
FN:152,154,pow_test_34_fn
FN:156,158,pow_test_35_fn
FN:160,162,pow_test_36_fn
FN:164,166,pow_test_37_fn
FN:168,170,pow_test_38_fn
FN:172,214,test_s21_pow
FN:19,21,pow_test_4_fn
FN:24,26,pow_test_5_fn
FN:29,31,pow_test_6_fn
FN:3,5,pow_test_1_fn
FN:34,36,pow_test_7_fn
FN:39,41,pow_test_8_fn
FN:44,44,pow_test_9_fn
FN:47,47,pow_test_10_fn
FN:50,52,pow_test_11_fn
FN:55,57,pow_test_12_fn
FN:60,62,pow_test_13_fn
FN:65,67,pow_test_14_fn
FN:70,72,pow_test_15_fn
FN:75,77,pow_test_16_fn
FN:8,10,pow_test_2_fn
FN:80,82,pow_test_17_fn
FN:85,87,pow_test_18_fn
FN:90,92,pow_test_19_fn
FN:95,97,pow_test_20_fn
FNDA:1,pow_test_22_fn
FNDA:1,pow_test_23_fn
FNDA:1,pow_test_24_fn
FNDA:1,pow_test_25_fn
FNDA:1,pow_test_26_fn
FNDA:1,pow_test_27_fn
FNDA:1,pow_test_28_fn
FNDA:1,pow_test_29_fn
FNDA:1,pow_test_30_fn
FNDA:1,pow_test_31_fn
FNDA:1,pow_test_32_fn
FNDA:1,pow_test_33_fn
FNDA:1,pow_test_34_fn
FNDA:1,pow_test_35_fn
FNDA:1,pow_test_36_fn
FNDA:1,pow_test_37_fn
FNDA:1,pow_test_38_fn
FNDA:1,test_s21_pow
FNDA:1,pow_test_4_fn
FNDA:1,pow_test_5_fn
FNDA:1,pow_test_6_fn
FNDA:1,pow_test_1_fn
FNDA:1,pow_test_7_fn
FNDA:1,pow_test_8_fn
FNDA:1,pow_test_9_fn
FNDA:1,pow_test_10_fn
FNDA:1,pow_test_11_fn
FNDA:1,pow_test_12_fn
FNDA:1,pow_test_13_fn
FNDA:1,pow_test_14_fn
FNDA:1,pow_test_15_fn
FNDA:1,pow_test_16_fn
FNDA:1,pow_test_2_fn
FNDA:1,pow_test_17_fn
FNDA:1,pow_test_18_fn
FNDA:1,pow_test_19_fn
FNDA:1,pow_test_20_fn
FNF:37
FNH:37
DA:3,1
DA:4,1
DA:5,1
DA:8,1
DA:9,1
DA:10,1
DA:19,1
DA:20,1
DA:21,1
DA:24,1
DA:25,1
DA:26,1
DA:29,1
DA:30,1
DA:31,1
DA:34,1
DA:35,1
DA:36,1
DA:39,1
DA:40,1
DA:41,1
DA:44,1
DA:47,1
DA:50,1
DA:51,1
DA:52,1
DA:55,1
DA:56,1
DA:57,1
DA:60,1
DA:61,1
DA:62,1
DA:65,1
DA:66,1
DA:67,1
DA:70,1
DA:71,1
DA:72,1
DA:75,1
DA:76,1
DA:77,1
DA:80,1
DA:81,1
DA:82,1
DA:85,1
DA:86,1
DA:87,1
DA:90,1
DA:91,1
DA:92,1
DA:95,1
DA:96,1
DA:97,1
DA:106,1
DA:109,1
DA:112,1
DA:115,1
DA:118,1
DA:119,1
DA:120,1
DA:123,1
DA:124,1
DA:125,1
DA:128,1
DA:129,1
DA:130,1
DA:133,1
DA:134,1
DA:135,1
DA:138,1
DA:141,1
DA:144,1
DA:145,1
DA:146,1
DA:148,1
DA:149,1
DA:150,1
DA:152,1
DA:153,1
DA:154,1
DA:156,1
DA:157,1
DA:158,1
DA:160,1
DA:161,1
DA:162,1
DA:164,1
DA:165,1
DA:166,1
DA:168,1
DA:169,1
DA:170,1
DA:172,1
DA:173,1
DA:174,1
DA:176,1
DA:177,1
DA:178,1
DA:179,1
DA:180,1
DA:181,1
DA:182,1
DA:183,1
DA:184,1
DA:185,1
DA:186,1
DA:187,1
DA:188,1
DA:189,1
DA:190,1
DA:191,1
DA:192,1
DA:193,1
DA:194,1
DA:195,1
DA:196,1
DA:197,1
DA:198,1
DA:199,1
DA:200,1
DA:201,1
DA:202,1
DA:203,1
DA:204,1
DA:205,1
DA:206,1
DA:207,1
DA:208,1
DA:209,1
DA:210,1
DA:211,1
DA:213,1
DA:214,1
LF:133
LH:133
end_of_record
TN:test
SF:/Users/denisavilov/school21/math_final/C4_s21_math-1/src/unit_tests/test_s21_sin.c
FN:13,15,sin_test_3_fn
FN:18,20,sin_test_4_fn
FN:23,25,sin_test_5_fn
FN:28,30,sin_test_6_fn
FN:3,5,sin_test_1_fn
FN:33,36,sin_test_7_fn
FN:39,42,sin_test_8_fn
FN:45,48,sin_test_9_fn
FN:51,54,sin_test_10_fn
FN:57,57,sin_test_11_fn
FN:60,60,sin_test_12_fn
FN:63,63,sin_test_13_fn
FN:66,66,sin_test_14_fn
FN:69,69,sin_test_15_fn
FN:72,72,sin_test_16_fn
FN:75,80,sin_test_17_fn
FN:8,10,sin_test_2_fn
FN:83,106,test_s21_sin
FNDA:1,sin_test_3_fn
FNDA:1,sin_test_4_fn
FNDA:1,sin_test_5_fn
FNDA:1,sin_test_6_fn
FNDA:1,sin_test_1_fn
FNDA:1,sin_test_7_fn
FNDA:1,sin_test_8_fn
FNDA:1,sin_test_9_fn
FNDA:1,sin_test_10_fn
FNDA:1,sin_test_11_fn
FNDA:1,sin_test_12_fn
FNDA:1,sin_test_13_fn
FNDA:1,sin_test_14_fn
FNDA:1,sin_test_15_fn
FNDA:1,sin_test_16_fn
FNDA:1,sin_test_17_fn
FNDA:1,sin_test_2_fn
FNDA:1,test_s21_sin
FNF:18
FNH:18
DA:3,1
DA:4,1
DA:5,1
DA:8,1
DA:9,1
DA:10,1
DA:13,1
DA:14,1
DA:15,1
DA:18,1
DA:19,1
DA:20,1
DA:23,1
DA:24,1
DA:25,1
DA:28,1
DA:29,1
DA:30,1
DA:33,1
DA:34,1
DA:36,1
DA:39,1
DA:40,1
DA:42,1
DA:45,1
DA:46,1
DA:48,1
DA:51,1
DA:52,1
DA:54,1
DA:57,1
DA:60,1
DA:63,1
DA:66,1
DA:69,1
DA:72,1
DA:75,1
DA:76,722
DA:77,721
DA:79,721
DA:80,1
DA:83,1
DA:84,1
DA:85,1
DA:87,1
DA:88,1
DA:89,1
DA:90,1
DA:91,1
DA:92,1
DA:93,1
DA:94,1
DA:95,1
DA:96,1
DA:97,1
DA:98,1
DA:99,1
DA:100,1
DA:101,1
DA:102,1
DA:103,1
DA:105,1
DA:106,1
LF:63
LH:63
end_of_record
TN:test
SF:/Users/denisavilov/school21/math_final/C4_s21_math-1/src/unit_tests/test_s21_sqrt.c
FN:13,16,sqrt_test_3_fn
FN:19,22,sqrt_test_4_fn
FN:25,27,sqrt_test_5_fn
FN:3,5,sqrt_test_1_fn
FN:30,30,sqrt_test_6_fn
FN:33,33,sqrt_test_7_fn
FN:36,36,sqrt_test_8_fn
FN:42,44,sqrt_test_10_fn
FN:47,63,test_s21_sqrt
FN:8,10,sqrt_test_2_fn
FNDA:1,sqrt_test_3_fn
FNDA:1,sqrt_test_4_fn
FNDA:1,sqrt_test_5_fn
FNDA:1,sqrt_test_1_fn
FNDA:1,sqrt_test_6_fn
FNDA:1,sqrt_test_7_fn
FNDA:1,sqrt_test_8_fn
FNDA:1,sqrt_test_10_fn
FNDA:1,test_s21_sqrt
FNDA:1,sqrt_test_2_fn
FNF:10
FNH:10
DA:3,1
DA:4,1
DA:5,1
DA:8,1
DA:9,1
DA:10,1
DA:13,1
DA:14,1
DA:16,1
DA:19,1
DA:20,1
DA:22,1
DA:25,1
DA:26,1
DA:27,1
DA:30,1
DA:33,1
DA:36,1
DA:42,1
DA:43,1
DA:44,1
DA:47,1
DA:48,1
DA:49,1
DA:51,1
DA:52,1
DA:53,1
DA:54,1
DA:55,1
DA:56,1
DA:57,1
DA:58,1
DA:60,1
DA:62,1
DA:63,1
LF:35
LH:35
end_of_record
TN:test
SF:/Users/denisavilov/school21/math_final/C4_s21_math-1/src/unit_tests/test_s21_tan.c
FN:13,16,tan_test_3_fn
FN:19,22,tan_test_4_fn
FN:25,25,tan_test_5_fn
FN:28,28,tan_test_6_fn
FN:3,5,tan_test_1_fn
FN:31,31,tan_test_7_fn
FN:34,34,tan_test_8_fn
FN:37,37,tan_test_9_fn
FN:40,40,tan_test_10_fn
FN:43,59,test_s21_tan
FN:8,10,tan_test_2_fn
FNDA:1,tan_test_3_fn
FNDA:1,tan_test_4_fn
FNDA:1,tan_test_5_fn
FNDA:1,tan_test_6_fn
FNDA:1,tan_test_1_fn
FNDA:1,tan_test_7_fn
FNDA:1,tan_test_8_fn
FNDA:1,tan_test_9_fn
FNDA:1,tan_test_10_fn
FNDA:1,test_s21_tan
FNDA:1,tan_test_2_fn
FNF:11
FNH:11
DA:3,1
DA:4,1
DA:5,1
DA:8,1
DA:9,1
DA:10,1
DA:13,1
DA:14,1
DA:16,1
DA:19,1
DA:20,1
DA:22,1
DA:25,1
DA:28,1
DA:31,1
DA:34,1
DA:37,1
DA:40,1
DA:43,1
DA:44,1
DA:45,1
DA:47,1
DA:48,1
DA:49,1
DA:50,1
DA:51,1
DA:52,1
DA:53,1
DA:54,1
DA:55,1
DA:56,1
DA:58,1
DA:59,1
LF:33
LH:33
end_of_record
